<?xml version="1.0" encoding="UTF-8"?>

<testsuite name="testSuites.exampleTestSuite.testCases.tests.SetupTest" tests="5" failures="0" errors="0" skipped="0" time="6.912" hostname="private" timestamp="2011-03-13T03:15:41">
  <testcase classname="testSuites.exampleTestSuite.testCases.tests::SetupTest" name="setupTest1" time="0.216"/>
  <testcase classname="testSuites.exampleTestSuite.testCases.tests::SetupTest" name="setupTest2" time="0.062"/>
  <testcase classname="testSuites.exampleTestSuite.testCases.tests::SetupTest" name="setupTest3" time="0.181"/>
  <testcase classname="testSuites.exampleTestSuite.testCases.tests::SetupTest" name="setupTest4" time="0.103"/>
  <testcase classname="testSuites.exampleTestSuite.testCases.tests::SetupTest" name="setupTest5" time="3.056"/>
  <testcase classname="testSuites.exampleTestSuite.testCases.tests::SetupTest" name="setupTest1" time="0.079"/>
  <testcase classname="testSuites.exampleTestSuite.testCases.tests::SetupTest" name="setupTest2" time="0.008"/>
  <testcase classname="testSuites.exampleTestSuite.testCases.tests::SetupTest" name="setupTest3" time="0.046"/>
  <testcase classname="testSuites.exampleTestSuite.testCases.tests::SetupTest" name="setupTest4" time="0.019"/>
  <testcase classname="testSuites.exampleTestSuite.testCases.tests::SetupTest" name="setupTest5" time="3.142"/>
</testsuite>
