<?xml version="1.0" encoding="UTF-8"?>

<testsuite name="testSuites.exampleTestSuite.testCases.tests.TeardownTest" tests="3" failures="0" errors="0" skipped="0" time="0.809" hostname="private" timestamp="2011-03-13T03:15:52">
  <testcase classname="testSuites.exampleTestSuite.testCases.tests::TeardownTest" name="teardownTest1" time="0.013"/>
  <testcase classname="testSuites.exampleTestSuite.testCases.tests::TeardownTest" name="teardownTest2" time="0.451"/>
  <testcase classname="testSuites.exampleTestSuite.testCases.tests::TeardownTest" name="teardownTest3" time="0.147"/>
  <testcase classname="testSuites.exampleTestSuite.testCases.tests::TeardownTest" name="teardownTest1" time="0.028"/>
  <testcase classname="testSuites.exampleTestSuite.testCases.tests::TeardownTest" name="teardownTest2" time="0.034"/>
  <testcase classname="testSuites.exampleTestSuite.testCases.tests::TeardownTest" name="teardownTest3" time="0.136"/>
</testsuite>
