<?xml version="1.0" encoding="UTF-8"?>

<testsuite name="testSuites.exampleTestSuite.testCases.tests.ValidationTest" tests="5" failures="0" errors="1" skipped="0" time="13.250" hostname="private" timestamp="2011-03-13T03:15:52">
  <testcase classname="testSuites.exampleTestSuite.testCases.tests::ValidationTest" name="validationTest1" time="0.013"/>
  <testcase classname="testSuites.exampleTestSuite.testCases.tests::ValidationTest" name="validationTest2" time="0.031"/>
  <testcase classname="testSuites.exampleTestSuite.testCases.tests::ValidationTest" name="validationTest3" time="0.008"/>
  <testcase classname="testSuites.exampleTestSuite.testCases.tests::ValidationTest" name="validationTest4" time="0.011"/>
  <testcase classname="testSuites.exampleTestSuite.testCases.tests::ValidationTest" name="validationTest5" time="1.562"/>
  <testcase classname="testSuites.exampleTestSuite.testCases.tests::ValidationTest" name="validationTest1" time="0.001"/>
  <testcase classname="testSuites.exampleTestSuite.testCases.tests::ValidationTest" name="validationTest2" time="0.007"/>
  <testcase classname="testSuites.exampleTestSuite.testCases.tests::ValidationTest" name="validationTest3" time="0.034"/>
  <testcase classname="testSuites.exampleTestSuite.testCases.tests::ValidationTest" name="validationTest4" time="10.044">
    <error message="Test did not complete within specified timeout 10000ms" type="testSuites.exampleTestSuite.testCases.tests::ValidationTest.validationTest4"><![CDATA[Error: Test did not complete within specified timeout 10000ms
	at com.gorillalogic.flexunit::FlexMonkeyFlexUnitRule/timeoutCompleteHandler()[/Users/jonr/projects/flexmonkey/workspace3/MonkeyLink/src/com/gorillalogic/flexunit/FlexMonkeyFlexUnitRule.as:89]
	at flash.events::EventDispatcher/dispatchEventFunction()
	at flash.events::EventDispatcher/dispatchEvent()
	at flash.utils::Timer/tick()]]></error>
  </testcase>
  <testcase classname="testSuites.exampleTestSuite.testCases.tests::ValidationTest" name="validationTest5" time="1.539"/>
</testsuite>
